<?xml version="1.0" encoding="UTF-8"?>
<testng-results ignored="0" total="1" passed="1" failed="0" skipped="0">
  <reporter-output>
  </reporter-output>
  <suite started-at="2019-11-02T02:39:44 IST" name="Default suite" finished-at="2019-11-02T02:39:55 IST" duration-ms="10450">
    <groups>
    </groups>
    <test started-at="2019-11-02T02:39:44 IST" name="Default test" finished-at="2019-11-02T02:39:55 IST" duration-ms="10450">
      <class name="handledropdown.WebTableDemo">
        <test-method signature="Drop()[pri:0, instance:handledropdown.WebTableDemo@12d4bf7e]" started-at="2019-11-02T02:39:44 IST" name="Drop" finished-at="2019-11-02T02:39:54 IST" duration-ms="10290" status="PASS">
          <reporter-output>
          </reporter-output>
        </test-method> <!-- Drop -->
      </class> <!-- handledropdown.WebTableDemo -->
    </test> <!-- Default test -->
  </suite> <!-- Default suite -->
</testng-results>
