<?xml version="1.0" encoding="UTF-8"?>
<!-- Generated by org.testng.reporters.JUnitXMLReporter -->
<testsuite hostname="INGUEUCLP000666" ignored="2" name="LoginTest" tests="2" failures="0" timestamp="2019-10-07T02:29:35 IST" time="0.086" errors="0">
  <testcase name="Reflection" time="0.012" classname="refelectionAPI.ReflectionDemo"/>
  <testcase name="show" time="0.004" classname="refelectionAPI.ReflectionDemo"/>
  <testcase name="print" time="0.0" classname="refelectionAPI.ReflectionDemo">
    <ignored/>
  </testcase> <!-- print -->
  <testcase name="add" time="0.0" classname="refelectionAPI.ReflectionDemo">
    <ignored/>
  </testcase> <!-- add -->
</testsuite> <!-- LoginTest -->
